Using pre-set license
Built from '2020.3/staging' branch; Version is '2020.3.8f1 (507919d4fff5) revision 5273881'; Using compiler version '192528614'; Build Type 'Release'
OS: 'Windows 10 Pro; OS build 19042.1466; Version 2009; 64bit' Language: 'ru' Physical Memory: 8174 MB
BatchMode: 1, IsHumanControllingUs: 0, StartBugReporterOnCrash: 0, Is64bit: 1, IsPro: 0

 COMMAND LINE ARGUMENTS:
P:\Unity3D\2020.3.8f1\Editor\Unity.exe
-adb2
-batchMode
-noUpm
-name
AssetImportWorker0
-projectPath
P:/MyUnityGames/Merge Sword
-logFile
Logs/AssetImportWorker0.log
-srvPort
58583
Successfully changed project path to: P:/MyUnityGames/Merge Sword
P:/MyUnityGames/Merge Sword
Using Asset Import Pipeline V2.
Refreshing native plugins compatible for Editor in 59.16 ms, found 1 plugins.
Preloading 0 native plugins for Editor in 0.00 ms.
Initialize engine version: 2020.3.8f1 (507919d4fff5)
[Subsystems] Discovering subsystems at path P:/Unity3D/2020.3.8f1/Editor/Data/Resources/UnitySubsystems
[Subsystems] Discovering subsystems at path P:/MyUnityGames/Merge Sword/Assets
GfxDevice: creating device client; threaded=0
Direct3D:
    Version:  Direct3D 11.0 [level 11.1]
    Renderer: NVIDIA GeForce GTX 1060 3GB (ID=0x1c02)
    Vendor:   
    VRAM:     2988 MB
    Driver:   27.21.14.5751
Initialize mono
Mono path[0] = 'P:/Unity3D/2020.3.8f1/Editor/Data/Managed'
Mono path[1] = 'P:/Unity3D/2020.3.8f1/Editor/Data/MonoBleedingEdge/lib/mono/unityjit'
Mono config path = 'P:/Unity3D/2020.3.8f1/Editor/Data/MonoBleedingEdge/etc'
Using monoOptions --debugger-agent=transport=dt_socket,embedding=1,server=y,suspend=n,address=127.0.0.1:56408
Begin MonoManager ReloadAssembly
Registering precompiled unity dll's ...
Register platform support module: P:/Unity3D/2020.3.8f1/Editor/Data/PlaybackEngines/WindowsStandaloneSupport/UnityEditor.WindowsStandalone.Extensions.dll
Registered in 0.001604 seconds.
Native extension for WindowsStandalone target not found
Refreshing native plugins compatible for Editor in 59.20 ms, found 1 plugins.
Preloading 0 native plugins for Editor in 0.00 ms.
Mono: successfully reloaded assembly
- Completed reload, in  2.579 seconds
Platform modules already initialized, skipping
Registering precompiled user dll's ...
Registered in 0.001872 seconds.
Begin MonoManager ReloadAssembly
Native extension for WindowsStandalone target not found
Refreshing native plugins compatible for Editor in 62.30 ms, found 1 plugins.
Preloading 0 native plugins for Editor in 0.00 ms.
Mono: successfully reloaded assembly
- Completed reload, in  1.441 seconds
Platform modules already initialized, skipping
========================================================================
Worker process is ready to serve import requests
Launched and connected shader compiler UnityShaderCompiler.exe after 0.06 seconds
Refreshing native plugins compatible for Editor in 0.70 ms, found 1 plugins.
Preloading 0 native plugins for Editor in 0.00 ms.
Unloading 1845 Unused Serialized files (Serialized files now loaded: 0)
System memory in use before: 87.9 MB.
System memory in use after: 87.8 MB.

Unloading 26 unused Assets to reduce memory usage. Loaded Objects now: 2291.
Total: 2.519200 ms (FindLiveObjects: 0.197000 ms CreateObjectMapping: 0.077200 ms MarkObjects: 2.056800 ms  DeleteObjects: 0.186500 ms)

========================================================================
Received Import Request.
  path: Assets/FREE CASUAL PACK SFX/10 - BONUS/Casual loop 1.wav
  artifactKey: Guid(6441e80868dc1d04f90cfa2ef4fdd9ad) Importer(815301076,1909f56bfc062723c751e8b465ee728b)
Start importing Assets/FREE CASUAL PACK SFX/10 - BONUS/Casual loop 1.wav using Guid(6441e80868dc1d04f90cfa2ef4fdd9ad) Importer(815301076,1909f56bfc062723c751e8b465ee728b)  -> (artifact id: '44d20af8bc2bd7f8ad232ad126f269a5') in 0.160841 seconds
  Import took 0.164561 seconds .

========================================================================
Received Import Request.
  Time since last request: 0.000323 seconds.
  path: Assets/FREE CASUAL PACK SFX/10 - BONUS
  artifactKey: Guid(8f2b0c3f9a5dca24088a38f797b6b22b) Importer(815301076,1909f56bfc062723c751e8b465ee728b)
Start importing Assets/FREE CASUAL PACK SFX/10 - BONUS using Guid(8f2b0c3f9a5dca24088a38f797b6b22b) Importer(815301076,1909f56bfc062723c751e8b465ee728b)  -> (artifact id: '569e33a66ec33537aca4fbb1c2cd7d9f') in 0.007282 seconds
  Import took 0.010541 seconds .

========================================================================
Received Import Request.
  Time since last request: 433.815978 seconds.
  path: Assets/Audio
  artifactKey: Guid(d4d664ed53a924a46b79f469de918afb) Importer(815301076,1909f56bfc062723c751e8b465ee728b)
Start importing Assets/Audio using Guid(d4d664ed53a924a46b79f469de918afb) Importer(815301076,1909f56bfc062723c751e8b465ee728b)  -> (artifact id: 'e88774232a244c5fbaae48ad25da0bc4') in 0.008488 seconds
  Import took 0.013405 seconds .

========================================================================
Received Import Request.
  Time since last request: 14.355516 seconds.
  path: Assets/FREE CASUAL PACK SFX/COIN/COIN 1.wav
  artifactKey: Guid(391908b58e627914ea577a13304a5189) Importer(815301076,1909f56bfc062723c751e8b465ee728b)
Start importing Assets/FREE CASUAL PACK SFX/COIN/COIN 1.wav using Guid(391908b58e627914ea577a13304a5189) Importer(815301076,1909f56bfc062723c751e8b465ee728b)  -> (artifact id: '61ca6117fac26098e6df95cd98a819c0') in 0.015477 seconds
  Import took 0.019374 seconds .

========================================================================
Received Import Request.
  Time since last request: 0.000316 seconds.
  path: Assets/FREE CASUAL PACK SFX/COIN/COIN 3.wav
  artifactKey: Guid(7444c0f31f89cc74e8649ce3356c1e3f) Importer(815301076,1909f56bfc062723c751e8b465ee728b)
Start importing Assets/FREE CASUAL PACK SFX/COIN/COIN 3.wav using Guid(7444c0f31f89cc74e8649ce3356c1e3f) Importer(815301076,1909f56bfc062723c751e8b465ee728b)  -> (artifact id: 'e87a96f8a58d7f4855bde5ea58d72ddb') in 0.017322 seconds
  Import took 0.020996 seconds .

========================================================================
Received Import Request.
  Time since last request: 0.000268 seconds.
  path: Assets/FREE CASUAL PACK SFX/COIN/COIN 6.wav
  artifactKey: Guid(a9f69c5c174f7ae42968be4df27a1034) Importer(815301076,1909f56bfc062723c751e8b465ee728b)
Start importing Assets/FREE CASUAL PACK SFX/COIN/COIN 6.wav using Guid(a9f69c5c174f7ae42968be4df27a1034) Importer(815301076,1909f56bfc062723c751e8b465ee728b)  -> (artifact id: '6362b9c5a77502b71812a2dcc4349eca') in 0.016032 seconds
  Import took 0.037373 seconds .

========================================================================
Received Import Request.
  Time since last request: 12.763882 seconds.
  path: Assets/FREE CASUAL PACK SFX/POPs AND JINGLES/POP 1.wav
  artifactKey: Guid(f2b0798fb6ab3f140a54a4cfee18110e) Importer(815301076,1909f56bfc062723c751e8b465ee728b)
Start importing Assets/FREE CASUAL PACK SFX/POPs AND JINGLES/POP 1.wav using Guid(f2b0798fb6ab3f140a54a4cfee18110e) Importer(815301076,1909f56bfc062723c751e8b465ee728b)  -> (artifact id: '16f06e3bda5ab6a880c46467f39729cb') in 0.015978 seconds
  Import took 0.019830 seconds .

========================================================================
Received Import Request.
  Time since last request: 0.000307 seconds.
  path: Assets/FREE CASUAL PACK SFX/POPs AND JINGLES/POP POSITIVE 2.wav
  artifactKey: Guid(88bc3aa36ea10614f908e10be651ce7c) Importer(815301076,1909f56bfc062723c751e8b465ee728b)
Start importing Assets/FREE CASUAL PACK SFX/POPs AND JINGLES/POP POSITIVE 2.wav using Guid(88bc3aa36ea10614f908e10be651ce7c) Importer(815301076,1909f56bfc062723c751e8b465ee728b)  -> (artifact id: '3f281f4373a572aa9aae8ba63e7de4cf') in 0.014493 seconds
  Import took 0.018505 seconds .

========================================================================
Received Import Request.
  Time since last request: 0.000610 seconds.
  path: Assets/FREE CASUAL PACK SFX/POPs AND JINGLES/POP POSITIVE 1.wav
  artifactKey: Guid(3f81f98bfea378b4987bb2282e9363dd) Importer(815301076,1909f56bfc062723c751e8b465ee728b)
Start importing Assets/FREE CASUAL PACK SFX/POPs AND JINGLES/POP POSITIVE 1.wav using Guid(3f81f98bfea378b4987bb2282e9363dd) Importer(815301076,1909f56bfc062723c751e8b465ee728b)  -> (artifact id: 'ee45d82b72ae6db6d92b45dfb2d26414') in 0.016735 seconds
  Import took 0.020813 seconds .

========================================================================
Received Import Request.
  Time since last request: 0.000304 seconds.
  path: Assets/FREE CASUAL PACK SFX/POPs AND JINGLES/POP 2.wav
  artifactKey: Guid(f8a4253abace2024fb58db1d976b4b1d) Importer(815301076,1909f56bfc062723c751e8b465ee728b)
Start importing Assets/FREE CASUAL PACK SFX/POPs AND JINGLES/POP 2.wav using Guid(f8a4253abace2024fb58db1d976b4b1d) Importer(815301076,1909f56bfc062723c751e8b465ee728b)  -> (artifact id: 'c901cf0c88fa9a98bd9b3f94935ebec2') in 0.016872 seconds
  Import took 0.020951 seconds .

========================================================================
Received Import Request.
  Time since last request: 0.000350 seconds.
  path: Assets/FREE CASUAL PACK SFX/POPs AND JINGLES/POP NEGATIVE 1.wav
  artifactKey: Guid(24b5cbe48376cef4b8a66af14f5619e3) Importer(815301076,1909f56bfc062723c751e8b465ee728b)
Start importing Assets/FREE CASUAL PACK SFX/POPs AND JINGLES/POP NEGATIVE 1.wav using Guid(24b5cbe48376cef4b8a66af14f5619e3) Importer(815301076,1909f56bfc062723c751e8b465ee728b)  -> (artifact id: 'd67d0e9d12051e75b24bbd6c0997c03e') in 0.014697 seconds
  Import took 0.018971 seconds .

========================================================================
Received Import Request.
  Time since last request: 0.000265 seconds.
  path: Assets/FREE CASUAL PACK SFX/POPs AND JINGLES/POP 3.wav
  artifactKey: Guid(b78896d872c495b4bbb44947b7c062e9) Importer(815301076,1909f56bfc062723c751e8b465ee728b)
Start importing Assets/FREE CASUAL PACK SFX/POPs AND JINGLES/POP 3.wav using Guid(b78896d872c495b4bbb44947b7c062e9) Importer(815301076,1909f56bfc062723c751e8b465ee728b)  -> (artifact id: '444dcf0f9ed96e90069eaf44d079b47b') in 0.014686 seconds
  Import took 0.019152 seconds .

========================================================================
Received Import Request.
  Time since last request: 0.000322 seconds.
  path: Assets/FREE CASUAL PACK SFX/POPs AND JINGLES/POP NEGATIVE 2.wav
  artifactKey: Guid(0cee069c861408242acffa3861f1ec61) Importer(815301076,1909f56bfc062723c751e8b465ee728b)
Start importing Assets/FREE CASUAL PACK SFX/POPs AND JINGLES/POP NEGATIVE 2.wav using Guid(0cee069c861408242acffa3861f1ec61) Importer(815301076,1909f56bfc062723c751e8b465ee728b)  -> (artifact id: 'efb7675f77c2597a82124c32a493d80e') in 0.017019 seconds
  Import took 0.020771 seconds .

========================================================================
Received Import Request.
  Time since last request: 9.503772 seconds.
  path: Assets/FREE CASUAL PACK SFX/SPECIAL POPS/SPECIAL POP 1.wav
  artifactKey: Guid(d29ee629e104c9c48a6342b146355b20) Importer(815301076,1909f56bfc062723c751e8b465ee728b)
Start importing Assets/FREE CASUAL PACK SFX/SPECIAL POPS/SPECIAL POP 1.wav using Guid(d29ee629e104c9c48a6342b146355b20) Importer(815301076,1909f56bfc062723c751e8b465ee728b)  -> (artifact id: '8c0b77e7eec2406b4bd99e6062167265') in 0.012899 seconds
  Import took 0.017368 seconds .

========================================================================
Received Import Request.
  Time since last request: 0.000330 seconds.
  path: Assets/FREE CASUAL PACK SFX/SPECIAL POPS/SPECIAL POP 2.wav
  artifactKey: Guid(ecfa1f74f3ffda8449d4b76b5b7d31f6) Importer(815301076,1909f56bfc062723c751e8b465ee728b)
Start importing Assets/FREE CASUAL PACK SFX/SPECIAL POPS/SPECIAL POP 2.wav using Guid(ecfa1f74f3ffda8449d4b76b5b7d31f6) Importer(815301076,1909f56bfc062723c751e8b465ee728b)  -> (artifact id: '947489d66c119dafa05a65209f4f0159') in 0.015162 seconds
  Import took 0.018797 seconds .

========================================================================
Received Import Request.
  Time since last request: 8.481501 seconds.
  path: Assets/FREE CASUAL PACK SFX/SWORD/SWORD HIT 1.wav
  artifactKey: Guid(20981fd20c3aaa647937a2fd0c8ef48d) Importer(815301076,1909f56bfc062723c751e8b465ee728b)
Start importing Assets/FREE CASUAL PACK SFX/SWORD/SWORD HIT 1.wav using Guid(20981fd20c3aaa647937a2fd0c8ef48d) Importer(815301076,1909f56bfc062723c751e8b465ee728b)  -> (artifact id: 'f866f842a4e5406cdb588ed8533bb01f') in 0.012583 seconds
  Import took 0.016571 seconds .

========================================================================
Received Import Request.
  Time since last request: 0.000329 seconds.
  path: Assets/FREE CASUAL PACK SFX/SWORD/SWORD HIT 2.wav
  artifactKey: Guid(e0d5c4862e3a1664bb085f4e3350866d) Importer(815301076,1909f56bfc062723c751e8b465ee728b)
Start importing Assets/FREE CASUAL PACK SFX/SWORD/SWORD HIT 2.wav using Guid(e0d5c4862e3a1664bb085f4e3350866d) Importer(815301076,1909f56bfc062723c751e8b465ee728b)  -> (artifact id: '2c031f71c96aa38f90971ab619135441') in 0.013164 seconds
  Import took 0.016842 seconds .

========================================================================
Received Import Request.
  Time since last request: 0.954264 seconds.
  path: Assets/FREE CASUAL PACK SFX/TICKING CLOCK/TICKING CLOCK 1.wav
  artifactKey: Guid(b3c93f06fbdba8641ae10f7308e5155e) Importer(815301076,1909f56bfc062723c751e8b465ee728b)
Start importing Assets/FREE CASUAL PACK SFX/TICKING CLOCK/TICKING CLOCK 1.wav using Guid(b3c93f06fbdba8641ae10f7308e5155e) Importer(815301076,1909f56bfc062723c751e8b465ee728b)  -> (artifact id: 'b4ac6177d3ab4a09be3f3c2b3686f72e') in 0.013614 seconds
  Import took 0.017673 seconds .

========================================================================
Received Import Request.
  Time since last request: 0.000310 seconds.
  path: Assets/FREE CASUAL PACK SFX/TICKING CLOCK/TICKING CLOCK 2.wav
  artifactKey: Guid(b98b9e60a1a0f37458e1a54bd712a237) Importer(815301076,1909f56bfc062723c751e8b465ee728b)
Start importing Assets/FREE CASUAL PACK SFX/TICKING CLOCK/TICKING CLOCK 2.wav using Guid(b98b9e60a1a0f37458e1a54bd712a237) Importer(815301076,1909f56bfc062723c751e8b465ee728b)  -> (artifact id: '4e4ff246722441dd05c26234d441c3b4') in 0.013574 seconds
  Import took 0.016915 seconds .

========================================================================
Received Import Request.
  Time since last request: 0.544476 seconds.
  path: Assets/FREE CASUAL PACK SFX/WRITING/WRITING 1.wav
  artifactKey: Guid(647ac565c2f349449910c6b0861de026) Importer(815301076,1909f56bfc062723c751e8b465ee728b)
Start importing Assets/FREE CASUAL PACK SFX/WRITING/WRITING 1.wav using Guid(647ac565c2f349449910c6b0861de026) Importer(815301076,1909f56bfc062723c751e8b465ee728b)  -> (artifact id: 'c0063d92ee8da73930c48f47b3974c36') in 0.012672 seconds
  Import took 0.016695 seconds .

========================================================================
Received Import Request.
  Time since last request: 0.000295 seconds.
  path: Assets/FREE CASUAL PACK SFX/WRITING/WRITING SOFT 1.wav
  artifactKey: Guid(24696e31ab175ab4e80b1b2a37a4bc2f) Importer(815301076,1909f56bfc062723c751e8b465ee728b)
Start importing Assets/FREE CASUAL PACK SFX/WRITING/WRITING SOFT 1.wav using Guid(24696e31ab175ab4e80b1b2a37a4bc2f) Importer(815301076,1909f56bfc062723c751e8b465ee728b)  -> (artifact id: '79be248c7fda22a5f784383614cf6fcc') in 0.015485 seconds
  Import took 0.019267 seconds .

========================================================================
Received Import Request.
  Time since last request: 45.302685 seconds.
  path: Assets/SwordSoundPack/SWORD_01.wav
  artifactKey: Guid(c5955b1ca51d47245ae5e5e10395d910) Importer(815301076,1909f56bfc062723c751e8b465ee728b)
Start importing Assets/SwordSoundPack/SWORD_01.wav using Guid(c5955b1ca51d47245ae5e5e10395d910) Importer(815301076,1909f56bfc062723c751e8b465ee728b)  -> (artifact id: 'ddaa7687dd6fd8db2cfc78785ffde2c2') in 0.014993 seconds
  Import took 0.018905 seconds .

========================================================================
Received Import Request.
  Time since last request: 0.000368 seconds.
  path: Assets/SwordSoundPack/SWORD_24.wav
  artifactKey: Guid(c067c247a5a92db49b855dd284a21369) Importer(815301076,1909f56bfc062723c751e8b465ee728b)
Start importing Assets/SwordSoundPack/SWORD_24.wav using Guid(c067c247a5a92db49b855dd284a21369) Importer(815301076,1909f56bfc062723c751e8b465ee728b)  -> (artifact id: 'cb5caa25cb1ac5f1fdc0f0a5f485e962') in 0.014708 seconds
  Import took 0.018245 seconds .

========================================================================
Received Import Request.
  Time since last request: 0.000296 seconds.
  path: Assets/SwordSoundPack/SWORD_09.wav
  artifactKey: Guid(62e48d51911a9294aab8284e2a117204) Importer(815301076,1909f56bfc062723c751e8b465ee728b)
Start importing Assets/SwordSoundPack/SWORD_09.wav using Guid(62e48d51911a9294aab8284e2a117204) Importer(815301076,1909f56bfc062723c751e8b465ee728b)  -> (artifact id: '80bc34e2486ea089846a634ce7e055c9') in 0.015741 seconds
  Import took 0.020000 seconds .

========================================================================
Received Import Request.
  Time since last request: 0.000330 seconds.
  path: Assets/SwordSoundPack/SWORD_17.wav
  artifactKey: Guid(e82bbf25f546510468b7945834cf6b6f) Importer(815301076,1909f56bfc062723c751e8b465ee728b)
Start importing Assets/SwordSoundPack/SWORD_17.wav using Guid(e82bbf25f546510468b7945834cf6b6f) Importer(815301076,1909f56bfc062723c751e8b465ee728b)  -> (artifact id: 'c26e0db5fcfe87f6bf703f116492a24c') in 0.016248 seconds
  Import took 0.019986 seconds .

========================================================================
Received Import Request.
  Time since last request: 0.000296 seconds.
  path: Assets/SwordSoundPack/SWORD_05.wav
  artifactKey: Guid(80502e18f68bb734b9dded7bb8d2e750) Importer(815301076,1909f56bfc062723c751e8b465ee728b)
Start importing Assets/SwordSoundPack/SWORD_05.wav using Guid(80502e18f68bb734b9dded7bb8d2e750) Importer(815301076,1909f56bfc062723c751e8b465ee728b)  -> (artifact id: '2fa68798c3dcd4419ca3e92b7e70efa1') in 0.014435 seconds
  Import took 0.018494 seconds .

========================================================================
Received Import Request.
  Time since last request: 0.000292 seconds.
  path: Assets/SwordSoundPack/SWORD_08.wav
  artifactKey: Guid(2b8c207613cd58b4889b0cc6bf739f2c) Importer(815301076,1909f56bfc062723c751e8b465ee728b)
Start importing Assets/SwordSoundPack/SWORD_08.wav using Guid(2b8c207613cd58b4889b0cc6bf739f2c) Importer(815301076,1909f56bfc062723c751e8b465ee728b)  -> (artifact id: '660e558e87611d62d4e6684432626edd') in 0.015441 seconds
  Import took 0.019279 seconds .

========================================================================
Received Import Request.
  Time since last request: 0.000267 seconds.
  path: Assets/SwordSoundPack/SWORD_04.wav
  artifactKey: Guid(180f35aef2ea2654086bcbb52d58ec0b) Importer(815301076,1909f56bfc062723c751e8b465ee728b)
Start importing Assets/SwordSoundPack/SWORD_04.wav using Guid(180f35aef2ea2654086bcbb52d58ec0b) Importer(815301076,1909f56bfc062723c751e8b465ee728b)  -> (artifact id: '4249ad3120f8db588b30991990df973a') in 0.014666 seconds
  Import took 0.018729 seconds .

========================================================================
Received Import Request.
  Time since last request: 0.000246 seconds.
  path: Assets/SwordSoundPack/SWORD_02.wav
  artifactKey: Guid(a7736c1763bd76c4eb0d52aaad581deb) Importer(815301076,1909f56bfc062723c751e8b465ee728b)
Start importing Assets/SwordSoundPack/SWORD_02.wav using Guid(a7736c1763bd76c4eb0d52aaad581deb) Importer(815301076,1909f56bfc062723c751e8b465ee728b)  -> (artifact id: 'fb06ed2abdceeb923e0b4a31ede1f88a') in 0.013697 seconds
  Import took 0.017456 seconds .

========================================================================
Received Import Request.
  Time since last request: 0.000217 seconds.
  path: Assets/SwordSoundPack/SWORD_16.wav
  artifactKey: Guid(3005c2aee967e624ea1e0101b4b37f32) Importer(815301076,1909f56bfc062723c751e8b465ee728b)
Start importing Assets/SwordSoundPack/SWORD_16.wav using Guid(3005c2aee967e624ea1e0101b4b37f32) Importer(815301076,1909f56bfc062723c751e8b465ee728b)  -> (artifact id: '071979ba32b1b19fb61b125593cc6b96') in 0.015389 seconds
  Import took 0.019085 seconds .

========================================================================
Received Import Request.
  Time since last request: 0.000236 seconds.
  path: Assets/SwordSoundPack/SWORD_20.wav
  artifactKey: Guid(6eb72c75e0fcdc04b905b225912096e7) Importer(815301076,1909f56bfc062723c751e8b465ee728b)
Start importing Assets/SwordSoundPack/SWORD_20.wav using Guid(6eb72c75e0fcdc04b905b225912096e7) Importer(815301076,1909f56bfc062723c751e8b465ee728b)  -> (artifact id: 'a6f2099afb0b377876b0ff8b29c6de72') in 0.014214 seconds
  Import took 0.018227 seconds .

========================================================================
Received Import Request.
  Time since last request: 0.000265 seconds.
  path: Assets/SwordSoundPack/SWORD_27.wav
  artifactKey: Guid(edb6eaaf36222f9429a9b2214ec69ad0) Importer(815301076,1909f56bfc062723c751e8b465ee728b)
Start importing Assets/SwordSoundPack/SWORD_27.wav using Guid(edb6eaaf36222f9429a9b2214ec69ad0) Importer(815301076,1909f56bfc062723c751e8b465ee728b)  -> (artifact id: 'c011d23e2f522c2c20911d88240262aa') in 0.014267 seconds
  Import took 0.018005 seconds .

========================================================================
Received Import Request.
  Time since last request: 0.000228 seconds.
  path: Assets/SwordSoundPack/SWORD_26.wav
  artifactKey: Guid(c2dade153431323449798d5d5fd92ee4) Importer(815301076,1909f56bfc062723c751e8b465ee728b)
Start importing Assets/SwordSoundPack/SWORD_26.wav using Guid(c2dade153431323449798d5d5fd92ee4) Importer(815301076,1909f56bfc062723c751e8b465ee728b)  -> (artifact id: '39fcb0e61745f9c3b7739c5ce1b9e9eb') in 0.014180 seconds
  Import took 0.018001 seconds .

========================================================================
Received Import Request.
  Time since last request: 0.000212 seconds.
  path: Assets/SwordSoundPack/SWORD_25.wav
  artifactKey: Guid(2e3cfd8a4cd1afe40b6ddda869151d13) Importer(815301076,1909f56bfc062723c751e8b465ee728b)
Start importing Assets/SwordSoundPack/SWORD_25.wav using Guid(2e3cfd8a4cd1afe40b6ddda869151d13) Importer(815301076,1909f56bfc062723c751e8b465ee728b)  -> (artifact id: '453a4fac48978c3fbde03f980ddd8546') in 0.019026 seconds
  Import took 0.022670 seconds .

========================================================================
Received Import Request.
  Time since last request: 0.000362 seconds.
  path: Assets/SwordSoundPack/SWORD_03.wav
  artifactKey: Guid(ef18a5a7071e4a54ba749b93057e0864) Importer(815301076,1909f56bfc062723c751e8b465ee728b)
Start importing Assets/SwordSoundPack/SWORD_03.wav using Guid(ef18a5a7071e4a54ba749b93057e0864) Importer(815301076,1909f56bfc062723c751e8b465ee728b)  -> (artifact id: '24040c512ea3f0b232b3c38ecac54acc') in 0.015908 seconds
  Import took 0.019664 seconds .

========================================================================
Received Import Request.
  Time since last request: 0.000209 seconds.
  path: Assets/SwordSoundPack/SWORD_21.wav
  artifactKey: Guid(ed27823a6a2e08f49bfcdfd8132e5993) Importer(815301076,1909f56bfc062723c751e8b465ee728b)
Start importing Assets/SwordSoundPack/SWORD_21.wav using Guid(ed27823a6a2e08f49bfcdfd8132e5993) Importer(815301076,1909f56bfc062723c751e8b465ee728b)  -> (artifact id: 'e6ebb3e24829379cadbe3f62f57370a5') in 0.014077 seconds
  Import took 0.017836 seconds .

========================================================================
Received Import Request.
  Time since last request: 0.000254 seconds.
  path: Assets/SwordSoundPack/SWORD_23.wav
  artifactKey: Guid(06c01e93845ff044aa3af701271d630e) Importer(815301076,1909f56bfc062723c751e8b465ee728b)
Start importing Assets/SwordSoundPack/SWORD_23.wav using Guid(06c01e93845ff044aa3af701271d630e) Importer(815301076,1909f56bfc062723c751e8b465ee728b)  -> (artifact id: '617118d7d6f2a112716c574c66649a48') in 0.014969 seconds
  Import took 0.018941 seconds .

========================================================================
Received Import Request.
  Time since last request: 0.000240 seconds.
  path: Assets/SwordSoundPack/SWORD_15.wav
  artifactKey: Guid(fc2e32796ec46dc49a895cd03564a3e3) Importer(815301076,1909f56bfc062723c751e8b465ee728b)
Start importing Assets/SwordSoundPack/SWORD_15.wav using Guid(fc2e32796ec46dc49a895cd03564a3e3) Importer(815301076,1909f56bfc062723c751e8b465ee728b)  -> (artifact id: '040c20e83a16afc7a46936a737a8112a') in 0.015601 seconds
  Import took 0.019514 seconds .

========================================================================
Received Import Request.
  Time since last request: 0.000206 seconds.
  path: Assets/SwordSoundPack/SWORD_06.wav
  artifactKey: Guid(e32e3bde5559afb4cad3ef963cc96446) Importer(815301076,1909f56bfc062723c751e8b465ee728b)
Start importing Assets/SwordSoundPack/SWORD_06.wav using Guid(e32e3bde5559afb4cad3ef963cc96446) Importer(815301076,1909f56bfc062723c751e8b465ee728b)  -> (artifact id: 'cb3de926c4fdbebb5e5e80d9cc5f83d9') in 0.014181 seconds
  Import took 0.018069 seconds .

========================================================================
Received Import Request.
  Time since last request: 0.000224 seconds.
  path: Assets/SwordSoundPack/SWORD_14.wav
  artifactKey: Guid(bf685e2b67465c64c8f5efdc5b241fd1) Importer(815301076,1909f56bfc062723c751e8b465ee728b)
Start importing Assets/SwordSoundPack/SWORD_14.wav using Guid(bf685e2b67465c64c8f5efdc5b241fd1) Importer(815301076,1909f56bfc062723c751e8b465ee728b)  -> (artifact id: 'a833e1f45c8d1de5dd1caa8efb8f833c') in 0.014311 seconds
  Import took 0.017792 seconds .

========================================================================
Received Import Request.
  Time since last request: 0.000216 seconds.
  path: Assets/SwordSoundPack/SWORD_13.wav
  artifactKey: Guid(80dbcb231e1605542bba4f6ba7269548) Importer(815301076,1909f56bfc062723c751e8b465ee728b)
Start importing Assets/SwordSoundPack/SWORD_13.wav using Guid(80dbcb231e1605542bba4f6ba7269548) Importer(815301076,1909f56bfc062723c751e8b465ee728b)  -> (artifact id: '1a843214cfc72387bb09e5c789679b0e') in 0.013992 seconds
  Import took 0.017597 seconds .

========================================================================
Received Import Request.
  Time since last request: 0.000240 seconds.
  path: Assets/SwordSoundPack/SWORD_07.wav
  artifactKey: Guid(d8bf57a57cb4a7e4a97d06ab4b136fca) Importer(815301076,1909f56bfc062723c751e8b465ee728b)
Start importing Assets/SwordSoundPack/SWORD_07.wav using Guid(d8bf57a57cb4a7e4a97d06ab4b136fca) Importer(815301076,1909f56bfc062723c751e8b465ee728b)  -> (artifact id: '02fa1a0bcc44e5a6a1abb015cd478340') in 0.013907 seconds
  Import took 0.018260 seconds .

========================================================================
Received Import Request.
  Time since last request: 0.000211 seconds.
  path: Assets/SwordSoundPack/SWORD_28.wav
  artifactKey: Guid(c5dea467677cdd449a7f8190f8453783) Importer(815301076,1909f56bfc062723c751e8b465ee728b)
Start importing Assets/SwordSoundPack/SWORD_28.wav using Guid(c5dea467677cdd449a7f8190f8453783) Importer(815301076,1909f56bfc062723c751e8b465ee728b)  -> (artifact id: '200c4704e36581ee2351e47446936a97') in 0.013888 seconds
  Import took 0.017626 seconds .

========================================================================
Received Import Request.
  Time since last request: 0.000203 seconds.
  path: Assets/SwordSoundPack/SWORD_18.wav
  artifactKey: Guid(7d176df610ca34c4c878590f3dc014a1) Importer(815301076,1909f56bfc062723c751e8b465ee728b)
Start importing Assets/SwordSoundPack/SWORD_18.wav using Guid(7d176df610ca34c4c878590f3dc014a1) Importer(815301076,1909f56bfc062723c751e8b465ee728b)  -> (artifact id: '6fe6f56191223131859a209446a1a10b') in 0.014162 seconds
  Import took 0.018071 seconds .

========================================================================
Received Import Request.
  Time since last request: 0.000231 seconds.
  path: Assets/SwordSoundPack/SWORD_10.wav
  artifactKey: Guid(ce9a41258643d7a458646b4721cfae36) Importer(815301076,1909f56bfc062723c751e8b465ee728b)
Start importing Assets/SwordSoundPack/SWORD_10.wav using Guid(ce9a41258643d7a458646b4721cfae36) Importer(815301076,1909f56bfc062723c751e8b465ee728b)  -> (artifact id: '0201f83486aaa6c9c05b1955ce96e4ca') in 0.013113 seconds
  Import took 0.017294 seconds .

========================================================================
Received Import Request.
  Time since last request: 0.000238 seconds.
  path: Assets/SwordSoundPack/SWORD_19.wav
  artifactKey: Guid(2a5bf70b094053e44af3b5184d8af8e2) Importer(815301076,1909f56bfc062723c751e8b465ee728b)
Start importing Assets/SwordSoundPack/SWORD_19.wav using Guid(2a5bf70b094053e44af3b5184d8af8e2) Importer(815301076,1909f56bfc062723c751e8b465ee728b)  -> (artifact id: '62ffcabac6857d9927cc3108df2076a4') in 0.013959 seconds
  Import took 0.017759 seconds .

========================================================================
Received Import Request.
  Time since last request: 0.000230 seconds.
  path: Assets/SwordSoundPack/SWORD_12.wav
  artifactKey: Guid(2829a5212f9da134e88443a1f91d0e48) Importer(815301076,1909f56bfc062723c751e8b465ee728b)
Start importing Assets/SwordSoundPack/SWORD_12.wav using Guid(2829a5212f9da134e88443a1f91d0e48) Importer(815301076,1909f56bfc062723c751e8b465ee728b)  -> (artifact id: '5f70a62959643d30d7ed08f5cff91e4f') in 0.015548 seconds
  Import took 0.019227 seconds .

========================================================================
Received Import Request.
  Time since last request: 0.000213 seconds.
  path: Assets/SwordSoundPack/SWORD_22.wav
  artifactKey: Guid(c37e5156ffcc4b345ad763ce9d2c4824) Importer(815301076,1909f56bfc062723c751e8b465ee728b)
Start importing Assets/SwordSoundPack/SWORD_22.wav using Guid(c37e5156ffcc4b345ad763ce9d2c4824) Importer(815301076,1909f56bfc062723c751e8b465ee728b)  -> (artifact id: '8bbc0f46501603e74f73057f88e6fde5') in 0.037638 seconds
  Import took 0.041404 seconds .

========================================================================
Received Import Request.
  Time since last request: 0.000212 seconds.
  path: Assets/SwordSoundPack/SWORD_11.wav
  artifactKey: Guid(ecb642c8078cb814fb9efb6b2b223cf6) Importer(815301076,1909f56bfc062723c751e8b465ee728b)
Start importing Assets/SwordSoundPack/SWORD_11.wav using Guid(ecb642c8078cb814fb9efb6b2b223cf6) Importer(815301076,1909f56bfc062723c751e8b465ee728b)  -> (artifact id: '3be27eb7fc508c1eec1e73fc42f30292') in 0.015752 seconds
  Import took 0.019478 seconds .

========================================================================
Received Import Request.
  Time since last request: 289.018099 seconds.
  path: Assets/Scripts/Sound.cs
  artifactKey: Guid(a3800cccc5bd4034a91841bdb57c2434) Importer(815301076,1909f56bfc062723c751e8b465ee728b)
Start importing Assets/Scripts/Sound.cs using Guid(a3800cccc5bd4034a91841bdb57c2434) Importer(815301076,1909f56bfc062723c751e8b465ee728b)  -> (artifact id: '15aea7c5f7b144bb07e854a8d2dd091b') in 0.012566 seconds
  Import took 0.016876 seconds .

========================================================================
Received Prepare
Registering precompiled user dll's ...
Registered in 0.010677 seconds.
Begin MonoManager ReloadAssembly
Native extension for WindowsStandalone target not found
Refreshing native plugins compatible for Editor in 0.55 ms, found 1 plugins.
Preloading 0 native plugins for Editor in 0.00 ms.
Mono: successfully reloaded assembly
- Completed reload, in  4.757 seconds
Platform modules already initialized, skipping
Switching build target platform(5) subTarget(0) extendedPlatform(0) -> platform(13) subTarget(537395200) extendedPlatform(0)
Refreshing native plugins compatible for Editor in 0.54 ms, found 1 plugins.
Preloading 0 native plugins for Editor in 0.00 ms.
Unloading 1831 Unused Serialized files (Serialized files now loaded: 0)
System memory in use before: 89.8 MB.
System memory in use after: 89.8 MB.

Unloading 14 unused Assets to reduce memory usage. Loaded Objects now: 2305.
Total: 3.631400 ms (FindLiveObjects: 0.556200 ms CreateObjectMapping: 0.099900 ms MarkObjects: 2.817200 ms  DeleteObjects: 0.155900 ms)

AssetImportParameters requested are different than current active one (requested -> active):
  custom:graphics/normal-map-encoding: 01000000000000000000000000000000 -> 02000000000000000000000000000000
========================================================================
Received Prepare
Registering precompiled user dll's ...
Registered in 0.001944 seconds.
Begin MonoManager ReloadAssembly
Native extension for WindowsStandalone target not found
Refreshing native plugins compatible for Editor in 0.52 ms, found 1 plugins.
Preloading 0 native plugins for Editor in 0.00 ms.
Mono: successfully reloaded assembly
- Completed reload, in  1.333 seconds
Platform modules already initialized, skipping
Switching build target platform(5) subTarget(0) extendedPlatform(0) -> platform(13) subTarget(537395200) extendedPlatform(0)
Refreshing native plugins compatible for Editor in 0.67 ms, found 1 plugins.
Preloading 0 native plugins for Editor in 0.00 ms.
Unloading 1831 Unused Serialized files (Serialized files now loaded: 0)
System memory in use before: 89.9 MB.
System memory in use after: 89.9 MB.

Unloading 14 unused Assets to reduce memory usage. Loaded Objects now: 2309.
Total: 2.509300 ms (FindLiveObjects: 0.192400 ms CreateObjectMapping: 0.077900 ms MarkObjects: 2.087700 ms  DeleteObjects: 0.149800 ms)

AssetImportParameters requested are different than current active one (requested -> active):
  custom:graphics/normal-map-encoding: 01000000000000000000000000000000 -> 02000000000000000000000000000000
========================================================================
Received Import Request.
  Time since last request: 446.367040 seconds.
  path: Assets/Scripts/Sound.cs
  artifactKey: Guid(a3800cccc5bd4034a91841bdb57c2434) Importer(815301076,1909f56bfc062723c751e8b465ee728b)
Start importing Assets/Scripts/Sound.cs using Guid(a3800cccc5bd4034a91841bdb57c2434) Importer(815301076,1909f56bfc062723c751e8b465ee728b)  -> (artifact id: 'ddf33bd43698454ab9e9834fedb650ed') in 0.006164 seconds
  Import took 0.009937 seconds .

========================================================================
Received Prepare
Registering precompiled user dll's ...
Registered in 0.002083 seconds.
Begin MonoManager ReloadAssembly
Native extension for WindowsStandalone target not found
Refreshing native plugins compatible for Editor in 0.50 ms, found 1 plugins.
Preloading 0 native plugins for Editor in 0.00 ms.
Mono: successfully reloaded assembly
- Completed reload, in  1.342 seconds
Platform modules already initialized, skipping
Switching build target platform(5) subTarget(0) extendedPlatform(0) -> platform(13) subTarget(537395200) extendedPlatform(0)
Refreshing native plugins compatible for Editor in 0.55 ms, found 1 plugins.
Preloading 0 native plugins for Editor in 0.00 ms.
Unloading 1831 Unused Serialized files (Serialized files now loaded: 0)
System memory in use before: 89.9 MB.
System memory in use after: 89.9 MB.

Unloading 14 unused Assets to reduce memory usage. Loaded Objects now: 2313.
Total: 2.807200 ms (FindLiveObjects: 0.198800 ms CreateObjectMapping: 0.076600 ms MarkObjects: 2.371900 ms  DeleteObjects: 0.158200 ms)

AssetImportParameters requested are different than current active one (requested -> active):
  custom:graphics/normal-map-encoding: 01000000000000000000000000000000 -> 02000000000000000000000000000000
========================================================================
Received Prepare
Registering precompiled user dll's ...
Registered in 0.002320 seconds.
Begin MonoManager ReloadAssembly
Native extension for WindowsStandalone target not found
Refreshing native plugins compatible for Editor in 0.60 ms, found 1 plugins.
Preloading 0 native plugins for Editor in 0.00 ms.
Mono: successfully reloaded assembly
- Completed reload, in  1.450 seconds
Platform modules already initialized, skipping
Switching build target platform(5) subTarget(0) extendedPlatform(0) -> platform(13) subTarget(537395200) extendedPlatform(0)
Refreshing native plugins compatible for Editor in 0.50 ms, found 1 plugins.
Preloading 0 native plugins for Editor in 0.00 ms.
Unloading 1831 Unused Serialized files (Serialized files now loaded: 0)
System memory in use before: 89.9 MB.
System memory in use after: 89.9 MB.

Unloading 14 unused Assets to reduce memory usage. Loaded Objects now: 2317.
Total: 3.430300 ms (FindLiveObjects: 0.264600 ms CreateObjectMapping: 0.077700 ms MarkObjects: 2.879000 ms  DeleteObjects: 0.207000 ms)

AssetImportParameters requested are different than current active one (requested -> active):
  custom:graphics/normal-map-encoding: 01000000000000000000000000000000 -> 02000000000000000000000000000000
========================================================================
Received Prepare
Registering precompiled user dll's ...
Registered in 0.001907 seconds.
Begin MonoManager ReloadAssembly
Native extension for WindowsStandalone target not found
Refreshing native plugins compatible for Editor in 0.50 ms, found 1 plugins.
Preloading 0 native plugins for Editor in 0.00 ms.
Mono: successfully reloaded assembly
- Completed reload, in  1.329 seconds
Platform modules already initialized, skipping
Switching build target platform(5) subTarget(0) extendedPlatform(0) -> platform(13) subTarget(537395200) extendedPlatform(0)
Refreshing native plugins compatible for Editor in 0.50 ms, found 1 plugins.
Preloading 0 native plugins for Editor in 0.00 ms.
Unloading 1831 Unused Serialized files (Serialized files now loaded: 0)
System memory in use before: 89.9 MB.
System memory in use after: 89.9 MB.

Unloading 14 unused Assets to reduce memory usage. Loaded Objects now: 2321.
Total: 2.614000 ms (FindLiveObjects: 0.197700 ms CreateObjectMapping: 0.076500 ms MarkObjects: 2.178600 ms  DeleteObjects: 0.152300 ms)

AssetImportParameters requested are different than current active one (requested -> active):
  custom:graphics/normal-map-encoding: 01000000000000000000000000000000 -> 02000000000000000000000000000000
========================================================================
Received Prepare
Registering precompiled user dll's ...
Registered in 0.002161 seconds.
Begin MonoManager ReloadAssembly
Native extension for WindowsStandalone target not found
Refreshing native plugins compatible for Editor in 0.66 ms, found 1 plugins.
Preloading 0 native plugins for Editor in 0.00 ms.
Mono: successfully reloaded assembly
- Completed reload, in  1.398 seconds
Platform modules already initialized, skipping
Switching build target platform(5) subTarget(0) extendedPlatform(0) -> platform(13) subTarget(537395200) extendedPlatform(0)
Refreshing native plugins compatible for Editor in 0.51 ms, found 1 plugins.
Preloading 0 native plugins for Editor in 0.00 ms.
Unloading 1831 Unused Serialized files (Serialized files now loaded: 0)
System memory in use before: 89.9 MB.
System memory in use after: 89.9 MB.

Unloading 14 unused Assets to reduce memory usage. Loaded Objects now: 2325.
Total: 2.944700 ms (FindLiveObjects: 0.202000 ms CreateObjectMapping: 0.077700 ms MarkObjects: 2.510900 ms  DeleteObjects: 0.152300 ms)

AssetImportParameters requested are different than current active one (requested -> active):
  custom:graphics/normal-map-encoding: 01000000000000000000000000000000 -> 02000000000000000000000000000000
========================================================================
Received Prepare
Registering precompiled user dll's ...
Registered in 0.001832 seconds.
Begin MonoManager ReloadAssembly
Native extension for WindowsStandalone target not found
Refreshing native plugins compatible for Editor in 0.52 ms, found 1 plugins.
Preloading 0 native plugins for Editor in 0.00 ms.
Mono: successfully reloaded assembly
- Completed reload, in  1.396 seconds
Platform modules already initialized, skipping
Switching build target platform(5) subTarget(0) extendedPlatform(0) -> platform(13) subTarget(537395200) extendedPlatform(0)
Refreshing native plugins compatible for Editor in 0.51 ms, found 1 plugins.
Preloading 0 native plugins for Editor in 0.00 ms.
Unloading 1831 Unused Serialized files (Serialized files now loaded: 0)
System memory in use before: 90.0 MB.
System memory in use after: 89.9 MB.

Unloading 14 unused Assets to reduce memory usage. Loaded Objects now: 2329.
Total: 2.488600 ms (FindLiveObjects: 0.203100 ms CreateObjectMapping: 0.076100 ms MarkObjects: 2.058100 ms  DeleteObjects: 0.149600 ms)

AssetImportParameters requested are different than current active one (requested -> active):
  custom:graphics/normal-map-encoding: 01000000000000000000000000000000 -> 02000000000000000000000000000000
========================================================================
Received Prepare
Registering precompiled user dll's ...
Registered in 0.001844 seconds.
Begin MonoManager ReloadAssembly
Native extension for WindowsStandalone target not found
Refreshing native plugins compatible for Editor in 0.51 ms, found 1 plugins.
Preloading 0 native plugins for Editor in 0.00 ms.
Mono: successfully reloaded assembly
- Completed reload, in  1.354 seconds
Platform modules already initialized, skipping
Switching build target platform(5) subTarget(0) extendedPlatform(0) -> platform(13) subTarget(537395200) extendedPlatform(0)
Refreshing native plugins compatible for Editor in 0.53 ms, found 1 plugins.
Preloading 0 native plugins for Editor in 0.00 ms.
Unloading 1831 Unused Serialized files (Serialized files now loaded: 0)
System memory in use before: 90.0 MB.
System memory in use after: 90.0 MB.

Unloading 14 unused Assets to reduce memory usage. Loaded Objects now: 2333.
Total: 3.085400 ms (FindLiveObjects: 0.229700 ms CreateObjectMapping: 0.098200 ms MarkObjects: 2.601100 ms  DeleteObjects: 0.154600 ms)

AssetImportParameters requested are different than current active one (requested -> active):
  custom:graphics/normal-map-encoding: 01000000000000000000000000000000 -> 02000000000000000000000000000000
========================================================================
Received Prepare
Registering precompiled user dll's ...
Registered in 0.001872 seconds.
Begin MonoManager ReloadAssembly
Native extension for WindowsStandalone target not found
Refreshing native plugins compatible for Editor in 0.50 ms, found 1 plugins.
Preloading 0 native plugins for Editor in 0.00 ms.
Mono: successfully reloaded assembly
- Completed reload, in  1.358 seconds
Platform modules already initialized, skipping
Switching build target platform(5) subTarget(0) extendedPlatform(0) -> platform(13) subTarget(537395200) extendedPlatform(0)
Refreshing native plugins compatible for Editor in 0.51 ms, found 1 plugins.
Preloading 0 native plugins for Editor in 0.00 ms.
Unloading 1831 Unused Serialized files (Serialized files now loaded: 0)
System memory in use before: 90.0 MB.
System memory in use after: 90.0 MB.

Unloading 14 unused Assets to reduce memory usage. Loaded Objects now: 2337.
Total: 2.709700 ms (FindLiveObjects: 0.204900 ms CreateObjectMapping: 0.076100 ms MarkObjects: 2.271200 ms  DeleteObjects: 0.156000 ms)

AssetImportParameters requested are different than current active one (requested -> active):
  custom:graphics/normal-map-encoding: 01000000000000000000000000000000 -> 02000000000000000000000000000000
========================================================================
Received Import Request.
  Time since last request: 4568.993721 seconds.
  path: Assets/Prefabs/Swords/Sword_6.prefab
  artifactKey: Guid(77c0ac6777afabc409bc2afe5f1176a4) Importer(815301076,1909f56bfc062723c751e8b465ee728b)
Start importing Assets/Prefabs/Swords/Sword_6.prefab using Guid(77c0ac6777afabc409bc2afe5f1176a4) Importer(815301076,1909f56bfc062723c751e8b465ee728b)  -> (artifact id: 'ede994fe0b159758b0cff5be1a7932d0') in 0.184218 seconds
  Import took 0.189043 seconds .

========================================================================
Received Import Request.
  Time since last request: 279.351730 seconds.
  path: Assets/Prefabs/CoinSmall.prefab
  artifactKey: Guid(39ef5313e96025b49b51e17dfc6ff7ce) Importer(815301076,1909f56bfc062723c751e8b465ee728b)
Start importing Assets/Prefabs/CoinSmall.prefab using Guid(39ef5313e96025b49b51e17dfc6ff7ce) Importer(815301076,1909f56bfc062723c751e8b465ee728b)  -> (artifact id: 'bc5fd60d6d037578c53c88320fcdfbf8') in 0.025243 seconds
  Import took 0.029430 seconds .

========================================================================
Received Prepare
Registering precompiled user dll's ...
Registered in 0.002331 seconds.
Begin MonoManager ReloadAssembly
Native extension for WindowsStandalone target not found
Refreshing native plugins compatible for Editor in 0.63 ms, found 1 plugins.
Preloading 0 native plugins for Editor in 0.00 ms.
Mono: successfully reloaded assembly
- Completed reload, in  1.371 seconds
Platform modules already initialized, skipping
Switching build target platform(5) subTarget(0) extendedPlatform(0) -> platform(13) subTarget(537395200) extendedPlatform(0)
Refreshing native plugins compatible for Editor in 0.85 ms, found 1 plugins.
Preloading 0 native plugins for Editor in 0.00 ms.
Unloading 1831 Unused Serialized files (Serialized files now loaded: 0)
System memory in use before: 90.0 MB.
System memory in use after: 90.0 MB.

Unloading 14 unused Assets to reduce memory usage. Loaded Objects now: 2342.
Total: 2.671700 ms (FindLiveObjects: 0.201900 ms CreateObjectMapping: 0.094100 ms MarkObjects: 2.196700 ms  DeleteObjects: 0.177400 ms)

AssetImportParameters requested are different than current active one (requested -> active):
  custom:graphics/normal-map-encoding: 01000000000000000000000000000000 -> 02000000000000000000000000000000
========================================================================
Received Import Request.
  Time since last request: 339.846201 seconds.
  path: Assets/Prefabs/Coin.prefab
  artifactKey: Guid(a5aa03a1e0620d34ca7141735fa83ffb) Importer(815301076,1909f56bfc062723c751e8b465ee728b)
Start importing Assets/Prefabs/Coin.prefab using Guid(a5aa03a1e0620d34ca7141735fa83ffb) Importer(815301076,1909f56bfc062723c751e8b465ee728b)  -> (artifact id: 'aebd14bbc9538e5cedb93924c4e40465') in 0.099002 seconds
  Import took 0.103476 seconds .

========================================================================
Received Prepare
Registering precompiled user dll's ...
Registered in 0.001961 seconds.
Begin MonoManager ReloadAssembly
Native extension for WindowsStandalone target not found
Refreshing native plugins compatible for Editor in 0.49 ms, found 1 plugins.
Preloading 0 native plugins for Editor in 0.00 ms.
Mono: successfully reloaded assembly
- Completed reload, in  1.409 seconds
Platform modules already initialized, skipping
Switching build target platform(5) subTarget(0) extendedPlatform(0) -> platform(13) subTarget(537395200) extendedPlatform(0)
Refreshing native plugins compatible for Editor in 0.51 ms, found 1 plugins.
Preloading 0 native plugins for Editor in 0.00 ms.
Unloading 1831 Unused Serialized files (Serialized files now loaded: 0)
System memory in use before: 90.1 MB.
System memory in use after: 90.0 MB.

Unloading 14 unused Assets to reduce memory usage. Loaded Objects now: 2347.
Total: 3.179300 ms (FindLiveObjects: 0.228900 ms CreateObjectMapping: 0.085500 ms MarkObjects: 2.715800 ms  DeleteObjects: 0.147500 ms)

AssetImportParameters requested are different than current active one (requested -> active):
  custom:graphics/normal-map-encoding: 01000000000000000000000000000000 -> 02000000000000000000000000000000
========================================================================
Received Import Request.
  Time since last request: 221.894388 seconds.
  path: Assets/Prefabs/Swords/Sword_6.prefab
  artifactKey: Guid(77c0ac6777afabc409bc2afe5f1176a4) Importer(815301076,1909f56bfc062723c751e8b465ee728b)
Start importing Assets/Prefabs/Swords/Sword_6.prefab using Guid(77c0ac6777afabc409bc2afe5f1176a4) Importer(815301076,1909f56bfc062723c751e8b465ee728b)  -> (artifact id: 'bff7d73e460ab13fcefa0908c015c9da') in 0.091327 seconds
  Import took 0.095134 seconds .

========================================================================
Received Prepare
Registering precompiled user dll's ...
Registered in 0.002075 seconds.
Begin MonoManager ReloadAssembly
Native extension for WindowsStandalone target not found
Refreshing native plugins compatible for Editor in 0.53 ms, found 1 plugins.
Preloading 0 native plugins for Editor in 0.00 ms.
Mono: successfully reloaded assembly
- Completed reload, in  1.412 seconds
Platform modules already initialized, skipping
Switching build target platform(5) subTarget(0) extendedPlatform(0) -> platform(13) subTarget(537395200) extendedPlatform(0)
Refreshing native plugins compatible for Editor in 0.51 ms, found 1 plugins.
Preloading 0 native plugins for Editor in 0.00 ms.
Unloading 1831 Unused Serialized files (Serialized files now loaded: 0)
System memory in use before: 90.1 MB.
System memory in use after: 90.0 MB.

Unloading 14 unused Assets to reduce memory usage. Loaded Objects now: 2352.
Total: 3.080400 ms (FindLiveObjects: 0.208300 ms CreateObjectMapping: 0.076300 ms MarkObjects: 2.642100 ms  DeleteObjects: 0.151800 ms)

AssetImportParameters requested are different than current active one (requested -> active):
  custom:graphics/normal-map-encoding: 01000000000000000000000000000000 -> 02000000000000000000000000000000
========================================================================
Received Prepare
Registering precompiled user dll's ...
Registered in 0.001984 seconds.
Begin MonoManager ReloadAssembly
Native extension for WindowsStandalone target not found
Refreshing native plugins compatible for Editor in 0.56 ms, found 1 plugins.
Preloading 0 native plugins for Editor in 0.00 ms.
Mono: successfully reloaded assembly
- Completed reload, in  1.409 seconds
Platform modules already initialized, skipping
Switching build target platform(5) subTarget(0) extendedPlatform(0) -> platform(13) subTarget(537395200) extendedPlatform(0)
Refreshing native plugins compatible for Editor in 0.51 ms, found 1 plugins.
Preloading 0 native plugins for Editor in 0.00 ms.
Unloading 1831 Unused Serialized files (Serialized files now loaded: 0)
System memory in use before: 90.1 MB.
System memory in use after: 90.1 MB.

Unloading 14 unused Assets to reduce memory usage. Loaded Objects now: 2356.
Total: 2.575600 ms (FindLiveObjects: 0.227800 ms CreateObjectMapping: 0.075800 ms MarkObjects: 2.114900 ms  DeleteObjects: 0.155200 ms)

AssetImportParameters requested are different than current active one (requested -> active):
  custom:graphics/normal-map-encoding: 01000000000000000000000000000000 -> 02000000000000000000000000000000
